mode: set
github.com/henriquerocha2004/sistema-escolar/internal/school/dto/class_room_request_dto.go:21.48,28.2 5 0
github.com/henriquerocha2004/sistema-escolar/internal/school/dto/paginator_request_dto.go:22.45,27.2 4 0
github.com/henriquerocha2004/sistema-escolar/internal/school/dto/room_request_dto.go:14.43,17.2 2 0
github.com/henriquerocha2004/sistema-escolar/internal/school/dto/room_schedule_dto.go:11.44,14.2 2 0
github.com/henriquerocha2004/sistema-escolar/internal/school/dto/schedule_request_dto.go:15.47,19.2 3 1
github.com/henriquerocha2004/sistema-escolar/internal/school/dto/school_year_request_dto.go:15.49,19.2 3 1
github.com/henriquerocha2004/sistema-escolar/internal/school/dto/service_request_dto.go:9.46,12.2 2 0
github.com/henriquerocha2004/sistema-escolar/internal/school/entities/classroom.go:26.62,29.16 2 1
github.com/henriquerocha2004/sistema-escolar/internal/school/entities/classroom.go:29.16,31.3 1 0
github.com/henriquerocha2004/sistema-escolar/internal/school/entities/classroom.go:33.2,33.19 1 1
github.com/henriquerocha2004/sistema-escolar/internal/school/entities/classroom.go:33.19,35.3 1 0
github.com/henriquerocha2004/sistema-escolar/internal/school/entities/classroom.go:37.2,39.35 2 1
github.com/henriquerocha2004/sistema-escolar/internal/school/entities/classroom.go:39.35,41.3 1 1
github.com/henriquerocha2004/sistema-escolar/internal/school/entities/classroom.go:43.2,43.34 1 1
github.com/henriquerocha2004/sistema-escolar/internal/school/entities/classroom.go:43.34,45.3 1 0
github.com/henriquerocha2004/sistema-escolar/internal/school/entities/classroom.go:47.2,48.12 2 1
github.com/henriquerocha2004/sistema-escolar/internal/school/entities/classroom.go:51.48,53.2 1 1
github.com/henriquerocha2004/sistema-escolar/internal/school/entities/classroom.go:55.41,56.26 1 1
github.com/henriquerocha2004/sistema-escolar/internal/school/entities/classroom.go:56.26,58.3 1 0
github.com/henriquerocha2004/sistema-escolar/internal/school/entities/classroom.go:60.2,60.12 1 1
github.com/henriquerocha2004/sistema-escolar/internal/school/entities/classroom.go:63.62,83.2 15 0
github.com/henriquerocha2004/sistema-escolar/internal/school/entities/room.go:15.52,19.2 3 0
github.com/henriquerocha2004/sistema-escolar/internal/school/entities/schedule.go:20.71,23.16 3 1
github.com/henriquerocha2004/sistema-escolar/internal/school/entities/schedule.go:23.16,26.3 2 0
github.com/henriquerocha2004/sistema-escolar/internal/school/entities/schedule.go:28.2,28.12 1 1
github.com/henriquerocha2004/sistema-escolar/internal/school/entities/schedule.go:31.81,36.16 4 1
github.com/henriquerocha2004/sistema-escolar/internal/school/entities/schedule.go:36.16,38.3 1 0
github.com/henriquerocha2004/sistema-escolar/internal/school/entities/schedule.go:39.2,40.16 2 1
github.com/henriquerocha2004/sistema-escolar/internal/school/entities/schedule.go:40.16,42.3 1 0
github.com/henriquerocha2004/sistema-escolar/internal/school/entities/schedule.go:44.2,45.21 2 1
github.com/henriquerocha2004/sistema-escolar/internal/school/entities/schedule.go:45.21,47.3 1 0
github.com/henriquerocha2004/sistema-escolar/internal/school/entities/schedule.go:49.2,51.12 2 1
github.com/henriquerocha2004/sistema-escolar/internal/school/entities/school_year.go:19.42,21.34 2 0
github.com/henriquerocha2004/sistema-escolar/internal/school/entities/school_year.go:21.34,23.3 1 0
github.com/henriquerocha2004/sistema-escolar/internal/school/entities/school_year.go:25.2,25.12 1 0
github.com/henriquerocha2004/sistema-escolar/internal/school/entities/school_year.go:28.64,34.2 5 0
github.com/henriquerocha2004/sistema-escolar/internal/school/entities/service.go:13.58,15.2 1 0
github.com/henriquerocha2004/sistema-escolar/internal/infra/database/postgres/class_room.sql.go:39.81,58.2 2 1
github.com/henriquerocha2004/sistema-escolar/internal/infra/database/postgres/class_room.sql.go:69.81,72.2 2 1
github.com/henriquerocha2004/sistema-escolar/internal/infra/database/postgres/class_room.sql.go:109.94,128.2 4 1
github.com/henriquerocha2004/sistema-escolar/internal/infra/database/postgres/class_room.sql.go:163.81,180.2 2 1
github.com/henriquerocha2004/sistema-escolar/internal/infra/database/postgres/class_room_repository.go:17.62,22.2 1 1
github.com/henriquerocha2004/sistema-escolar/internal/infra/database/postgres/class_room_repository.go:24.74,53.16 3 1
github.com/henriquerocha2004/sistema-escolar/internal/infra/database/postgres/class_room_repository.go:53.16,55.3 1 0
github.com/henriquerocha2004/sistema-escolar/internal/infra/database/postgres/class_room_repository.go:57.2,57.12 1 1
github.com/henriquerocha2004/sistema-escolar/internal/infra/database/postgres/class_room_repository.go:60.55,62.16 2 1
github.com/henriquerocha2004/sistema-escolar/internal/infra/database/postgres/class_room_repository.go:62.16,64.3 1 0
github.com/henriquerocha2004/sistema-escolar/internal/infra/database/postgres/class_room_repository.go:66.2,75.12 3 1
github.com/henriquerocha2004/sistema-escolar/internal/infra/database/postgres/class_room_repository.go:78.74,102.2 3 1
github.com/henriquerocha2004/sistema-escolar/internal/infra/database/postgres/class_room_repository.go:104.80,106.16 2 1
github.com/henriquerocha2004/sistema-escolar/internal/infra/database/postgres/class_room_repository.go:106.16,108.3 1 0
github.com/henriquerocha2004/sistema-escolar/internal/infra/database/postgres/class_room_repository.go:110.2,111.16 2 1
github.com/henriquerocha2004/sistema-escolar/internal/infra/database/postgres/class_room_repository.go:111.16,113.3 1 1
github.com/henriquerocha2004/sistema-escolar/internal/infra/database/postgres/class_room_repository.go:115.2,130.24 2 1
github.com/henriquerocha2004/sistema-escolar/internal/infra/database/postgres/class_room_repository.go:133.112,146.19 5 1
github.com/henriquerocha2004/sistema-escolar/internal/infra/database/postgres/class_room_repository.go:146.19,148.3 1 1
github.com/henriquerocha2004/sistema-escolar/internal/infra/database/postgres/class_room_repository.go:150.2,151.16 2 1
github.com/henriquerocha2004/sistema-escolar/internal/infra/database/postgres/class_room_repository.go:151.16,153.3 1 0
github.com/henriquerocha2004/sistema-escolar/internal/infra/database/postgres/class_room_repository.go:155.2,159.16 3 1
github.com/henriquerocha2004/sistema-escolar/internal/infra/database/postgres/class_room_repository.go:159.16,161.3 1 0
github.com/henriquerocha2004/sistema-escolar/internal/infra/database/postgres/class_room_repository.go:162.2,166.18 3 1
github.com/henriquerocha2004/sistema-escolar/internal/infra/database/postgres/class_room_repository.go:166.18,182.17 3 1
github.com/henriquerocha2004/sistema-escolar/internal/infra/database/postgres/class_room_repository.go:182.17,184.4 1 0
github.com/henriquerocha2004/sistema-escolar/internal/infra/database/postgres/class_room_repository.go:186.3,186.45 1 1
github.com/henriquerocha2004/sistema-escolar/internal/infra/database/postgres/class_room_repository.go:189.2,192.24 4 1
github.com/henriquerocha2004/sistema-escolar/internal/infra/database/postgres/class_room_repository.go:192.24,194.3 1 1
github.com/henriquerocha2004/sistema-escolar/internal/infra/database/postgres/class_room_repository.go:196.2,197.16 2 1
github.com/henriquerocha2004/sistema-escolar/internal/infra/database/postgres/class_room_repository.go:197.16,199.3 1 0
github.com/henriquerocha2004/sistema-escolar/internal/infra/database/postgres/class_room_repository.go:201.2,207.16 3 1
github.com/henriquerocha2004/sistema-escolar/internal/infra/database/postgres/class_room_repository.go:207.16,209.3 1 0
github.com/henriquerocha2004/sistema-escolar/internal/infra/database/postgres/class_room_repository.go:211.2,211.18 1 1
github.com/henriquerocha2004/sistema-escolar/internal/infra/database/postgres/class_room_repository.go:211.18,213.17 2 1
github.com/henriquerocha2004/sistema-escolar/internal/infra/database/postgres/class_room_repository.go:213.17,215.4 1 0
github.com/henriquerocha2004/sistema-escolar/internal/infra/database/postgres/class_room_repository.go:218.2,223.40 2 1
github.com/henriquerocha2004/sistema-escolar/internal/infra/database/postgres/connection.go:25.24,36.6 3 1
github.com/henriquerocha2004/sistema-escolar/internal/infra/database/postgres/connection.go:36.6,38.17 2 1
github.com/henriquerocha2004/sistema-escolar/internal/infra/database/postgres/connection.go:38.17,41.4 2 1
github.com/henriquerocha2004/sistema-escolar/internal/infra/database/postgres/connection.go:41.9,44.4 2 1
github.com/henriquerocha2004/sistema-escolar/internal/infra/database/postgres/connection.go:46.3,46.53 1 1
github.com/henriquerocha2004/sistema-escolar/internal/infra/database/postgres/connection.go:46.53,48.14 2 0
github.com/henriquerocha2004/sistema-escolar/internal/infra/database/postgres/connection.go:51.3,53.11 3 1
github.com/henriquerocha2004/sistema-escolar/internal/infra/database/postgres/connection.go:57.43,59.16 2 1
github.com/henriquerocha2004/sistema-escolar/internal/infra/database/postgres/connection.go:59.16,61.3 1 0
github.com/henriquerocha2004/sistema-escolar/internal/infra/database/postgres/connection.go:63.2,64.16 2 1
github.com/henriquerocha2004/sistema-escolar/internal/infra/database/postgres/connection.go:64.16,66.3 1 1
github.com/henriquerocha2004/sistema-escolar/internal/infra/database/postgres/connection.go:68.2,68.16 1 1
github.com/henriquerocha2004/sistema-escolar/internal/infra/database/postgres/connection.go:71.29,84.2 3 1
github.com/henriquerocha2004/sistema-escolar/internal/infra/database/postgres/db.go:19.28,21.2 1 1
github.com/henriquerocha2004/sistema-escolar/internal/infra/database/postgres/db.go:27.47,31.2 1 1
github.com/henriquerocha2004/sistema-escolar/internal/infra/database/postgres/room.sql.go:25.83,28.2 2 1
github.com/henriquerocha2004/sistema-escolar/internal/infra/database/postgres/room.sql.go:43.79,53.2 2 1
github.com/henriquerocha2004/sistema-escolar/internal/infra/database/postgres/room.sql.go:64.79,67.2 2 1
github.com/henriquerocha2004/sistema-escolar/internal/infra/database/postgres/room.sql.go:81.87,92.2 4 1
github.com/henriquerocha2004/sistema-escolar/internal/infra/database/postgres/room.sql.go:106.82,117.2 4 1
github.com/henriquerocha2004/sistema-escolar/internal/infra/database/postgres/room.sql.go:128.87,131.2 2 1
github.com/henriquerocha2004/sistema-escolar/internal/infra/database/postgres/room.sql.go:145.79,154.2 2 1
github.com/henriquerocha2004/sistema-escolar/internal/infra/database/postgres/room_repository.go:20.52,25.2 1 1
github.com/henriquerocha2004/sistema-escolar/internal/infra/database/postgres/room_repository.go:27.59,45.16 3 1
github.com/henriquerocha2004/sistema-escolar/internal/infra/database/postgres/room_repository.go:45.16,47.3 1 0
github.com/henriquerocha2004/sistema-escolar/internal/infra/database/postgres/room_repository.go:49.2,49.12 1 1
github.com/henriquerocha2004/sistema-escolar/internal/infra/database/postgres/room_repository.go:52.50,55.16 2 1
github.com/henriquerocha2004/sistema-escolar/internal/infra/database/postgres/room_repository.go:55.16,57.3 1 0
github.com/henriquerocha2004/sistema-escolar/internal/infra/database/postgres/room_repository.go:59.2,68.12 3 1
github.com/henriquerocha2004/sistema-escolar/internal/infra/database/postgres/room_repository.go:71.59,86.2 3 1
github.com/henriquerocha2004/sistema-escolar/internal/infra/database/postgres/room_repository.go:88.70,90.16 2 1
github.com/henriquerocha2004/sistema-escolar/internal/infra/database/postgres/room_repository.go:90.16,92.3 1 0
github.com/henriquerocha2004/sistema-escolar/internal/infra/database/postgres/room_repository.go:93.2,94.16 2 1
github.com/henriquerocha2004/sistema-escolar/internal/infra/database/postgres/room_repository.go:94.16,96.3 1 1
github.com/henriquerocha2004/sistema-escolar/internal/infra/database/postgres/room_repository.go:98.2,105.19 2 1
github.com/henriquerocha2004/sistema-escolar/internal/infra/database/postgres/room_repository.go:108.74,110.16 2 1
github.com/henriquerocha2004/sistema-escolar/internal/infra/database/postgres/room_repository.go:110.16,112.3 1 0
github.com/henriquerocha2004/sistema-escolar/internal/infra/database/postgres/room_repository.go:114.2,121.19 2 1
github.com/henriquerocha2004/sistema-escolar/internal/infra/database/postgres/room_repository.go:124.101,132.19 5 1
github.com/henriquerocha2004/sistema-escolar/internal/infra/database/postgres/room_repository.go:132.19,134.3 1 1
github.com/henriquerocha2004/sistema-escolar/internal/infra/database/postgres/room_repository.go:136.2,137.16 2 1
github.com/henriquerocha2004/sistema-escolar/internal/infra/database/postgres/room_repository.go:137.16,139.3 1 0
github.com/henriquerocha2004/sistema-escolar/internal/infra/database/postgres/room_repository.go:141.2,146.16 3 1
github.com/henriquerocha2004/sistema-escolar/internal/infra/database/postgres/room_repository.go:146.16,148.3 1 0
github.com/henriquerocha2004/sistema-escolar/internal/infra/database/postgres/room_repository.go:149.2,153.18 3 1
github.com/henriquerocha2004/sistema-escolar/internal/infra/database/postgres/room_repository.go:153.18,156.17 3 1
github.com/henriquerocha2004/sistema-escolar/internal/infra/database/postgres/room_repository.go:156.17,158.4 1 0
github.com/henriquerocha2004/sistema-escolar/internal/infra/database/postgres/room_repository.go:160.3,160.30 1 1
github.com/henriquerocha2004/sistema-escolar/internal/infra/database/postgres/room_repository.go:163.2,166.24 4 1
github.com/henriquerocha2004/sistema-escolar/internal/infra/database/postgres/room_repository.go:166.24,168.3 1 0
github.com/henriquerocha2004/sistema-escolar/internal/infra/database/postgres/room_repository.go:170.2,171.16 2 1
github.com/henriquerocha2004/sistema-escolar/internal/infra/database/postgres/room_repository.go:171.16,173.3 1 0
github.com/henriquerocha2004/sistema-escolar/internal/infra/database/postgres/room_repository.go:175.2,182.16 3 1
github.com/henriquerocha2004/sistema-escolar/internal/infra/database/postgres/room_repository.go:182.16,184.3 1 0
github.com/henriquerocha2004/sistema-escolar/internal/infra/database/postgres/room_repository.go:186.2,186.18 1 1
github.com/henriquerocha2004/sistema-escolar/internal/infra/database/postgres/room_repository.go:186.18,188.17 2 1
github.com/henriquerocha2004/sistema-escolar/internal/infra/database/postgres/room_repository.go:188.17,190.4 1 0
github.com/henriquerocha2004/sistema-escolar/internal/infra/database/postgres/room_repository.go:193.2,198.35 2 1
github.com/henriquerocha2004/sistema-escolar/internal/infra/database/postgres/room_repository.go:201.78,204.16 2 1
github.com/henriquerocha2004/sistema-escolar/internal/infra/database/postgres/room_repository.go:204.16,206.3 1 0
github.com/henriquerocha2004/sistema-escolar/internal/infra/database/postgres/room_repository.go:208.2,218.16 6 1
github.com/henriquerocha2004/sistema-escolar/internal/infra/database/postgres/room_repository.go:218.16,221.3 2 0
github.com/henriquerocha2004/sistema-escolar/internal/infra/database/postgres/room_repository.go:223.2,223.53 1 1
github.com/henriquerocha2004/sistema-escolar/internal/infra/database/postgres/room_repository.go:223.53,234.17 4 1
github.com/henriquerocha2004/sistema-escolar/internal/infra/database/postgres/room_repository.go:234.17,238.4 3 0
github.com/henriquerocha2004/sistema-escolar/internal/infra/database/postgres/room_repository.go:241.2,243.12 2 1
github.com/henriquerocha2004/sistema-escolar/internal/infra/database/postgres/schedule_repository.go:18.76,23.2 1 1
github.com/henriquerocha2004/sistema-escolar/internal/infra/database/postgres/schedule_repository.go:25.80,42.16 3 1
github.com/henriquerocha2004/sistema-escolar/internal/infra/database/postgres/schedule_repository.go:42.16,44.3 1 0
github.com/henriquerocha2004/sistema-escolar/internal/infra/database/postgres/schedule_repository.go:46.2,46.12 1 1
github.com/henriquerocha2004/sistema-escolar/internal/infra/database/postgres/schedule_repository.go:49.58,63.2 4 1
github.com/henriquerocha2004/sistema-escolar/internal/infra/database/postgres/schedule_repository.go:65.80,79.2 3 1
github.com/henriquerocha2004/sistema-escolar/internal/infra/database/postgres/schedule_repository.go:81.87,85.16 3 1
github.com/henriquerocha2004/sistema-escolar/internal/infra/database/postgres/schedule_repository.go:85.16,87.3 1 1
github.com/henriquerocha2004/sistema-escolar/internal/infra/database/postgres/schedule_repository.go:89.2,96.23 2 1
github.com/henriquerocha2004/sistema-escolar/internal/infra/database/postgres/schedule_repository.go:99.106,106.19 5 0
github.com/henriquerocha2004/sistema-escolar/internal/infra/database/postgres/schedule_repository.go:106.19,108.3 1 0
github.com/henriquerocha2004/sistema-escolar/internal/infra/database/postgres/schedule_repository.go:110.2,111.16 2 0
github.com/henriquerocha2004/sistema-escolar/internal/infra/database/postgres/schedule_repository.go:111.16,113.3 1 0
github.com/henriquerocha2004/sistema-escolar/internal/infra/database/postgres/schedule_repository.go:115.2,120.16 3 0
github.com/henriquerocha2004/sistema-escolar/internal/infra/database/postgres/schedule_repository.go:120.16,122.3 1 0
github.com/henriquerocha2004/sistema-escolar/internal/infra/database/postgres/schedule_repository.go:123.2,127.18 3 0
github.com/henriquerocha2004/sistema-escolar/internal/infra/database/postgres/schedule_repository.go:127.18,130.17 3 0
github.com/henriquerocha2004/sistema-escolar/internal/infra/database/postgres/schedule_repository.go:130.17,132.4 1 0
github.com/henriquerocha2004/sistema-escolar/internal/infra/database/postgres/schedule_repository.go:134.3,134.42 1 0
github.com/henriquerocha2004/sistema-escolar/internal/infra/database/postgres/schedule_repository.go:137.2,137.24 1 0
github.com/henriquerocha2004/sistema-escolar/internal/infra/database/postgres/schedule_room.sql.go:28.87,38.2 2 1
github.com/henriquerocha2004/sistema-escolar/internal/infra/database/postgres/schedule_room.sql.go:49.87,52.2 2 1
github.com/henriquerocha2004/sistema-escolar/internal/infra/database/postgres/schedule_room.sql.go:67.116,69.16 2 0
github.com/henriquerocha2004/sistema-escolar/internal/infra/database/postgres/schedule_room.sql.go:69.16,71.3 1 0
github.com/henriquerocha2004/sistema-escolar/internal/infra/database/postgres/schedule_room.sql.go:72.2,74.18 3 0
github.com/henriquerocha2004/sistema-escolar/internal/infra/database/postgres/schedule_room.sql.go:74.18,81.17 2 0
github.com/henriquerocha2004/sistema-escolar/internal/infra/database/postgres/schedule_room.sql.go:81.17,83.4 1 0
github.com/henriquerocha2004/sistema-escolar/internal/infra/database/postgres/schedule_room.sql.go:84.3,84.27 1 0
github.com/henriquerocha2004/sistema-escolar/internal/infra/database/postgres/schedule_room.sql.go:86.2,86.37 1 0
github.com/henriquerocha2004/sistema-escolar/internal/infra/database/postgres/schedule_room.sql.go:86.37,88.3 1 0
github.com/henriquerocha2004/sistema-escolar/internal/infra/database/postgres/schedule_room.sql.go:89.2,89.35 1 0
github.com/henriquerocha2004/sistema-escolar/internal/infra/database/postgres/schedule_room.sql.go:89.35,91.3 1 0
github.com/henriquerocha2004/sistema-escolar/internal/infra/database/postgres/schedule_room.sql.go:92.2,92.19 1 0
github.com/henriquerocha2004/sistema-escolar/internal/infra/database/postgres/schedule_room.sql.go:108.98,118.2 4 1
github.com/henriquerocha2004/sistema-escolar/internal/infra/database/postgres/schedule_room.sql.go:132.87,141.2 2 1
github.com/henriquerocha2004/sistema-escolar/internal/infra/database/postgres/school_year.sql.go:29.91,39.2 2 1
github.com/henriquerocha2004/sistema-escolar/internal/infra/database/postgres/school_year.sql.go:50.91,53.2 2 0
github.com/henriquerocha2004/sistema-escolar/internal/infra/database/postgres/school_year.sql.go:66.87,76.2 4 0
github.com/henriquerocha2004/sistema-escolar/internal/infra/database/postgres/school_year.sql.go:89.102,99.2 4 0
github.com/henriquerocha2004/sistema-escolar/internal/infra/database/postgres/school_year.sql.go:113.91,122.2 2 0
github.com/henriquerocha2004/sistema-escolar/internal/infra/database/postgres/school_year_repository.go:19.64,24.2 1 1
github.com/henriquerocha2004/sistema-escolar/internal/infra/database/postgres/school_year_repository.go:26.77,43.16 3 1
github.com/henriquerocha2004/sistema-escolar/internal/infra/database/postgres/school_year_repository.go:43.16,45.3 1 0
github.com/henriquerocha2004/sistema-escolar/internal/infra/database/postgres/school_year_repository.go:47.2,47.12 1 1
github.com/henriquerocha2004/sistema-escolar/internal/infra/database/postgres/school_year_repository.go:50.56,63.2 4 0
github.com/henriquerocha2004/sistema-escolar/internal/infra/database/postgres/school_year_repository.go:65.77,79.2 3 0
github.com/henriquerocha2004/sistema-escolar/internal/infra/database/postgres/school_year_repository.go:81.82,85.16 3 0
github.com/henriquerocha2004/sistema-escolar/internal/infra/database/postgres/school_year_repository.go:85.16,87.3 1 0
github.com/henriquerocha2004/sistema-escolar/internal/infra/database/postgres/school_year_repository.go:89.2,96.25 2 0
github.com/henriquerocha2004/sistema-escolar/internal/infra/database/postgres/school_year_repository.go:99.86,101.16 2 0
github.com/henriquerocha2004/sistema-escolar/internal/infra/database/postgres/school_year_repository.go:101.16,103.3 1 0
github.com/henriquerocha2004/sistema-escolar/internal/infra/database/postgres/school_year_repository.go:105.2,112.25 2 0
github.com/henriquerocha2004/sistema-escolar/internal/infra/database/postgres/school_year_repository.go:115.113,122.19 5 0
github.com/henriquerocha2004/sistema-escolar/internal/infra/database/postgres/school_year_repository.go:122.19,124.3 1 0
github.com/henriquerocha2004/sistema-escolar/internal/infra/database/postgres/school_year_repository.go:126.2,127.16 2 0
github.com/henriquerocha2004/sistema-escolar/internal/infra/database/postgres/school_year_repository.go:127.16,129.3 1 0
github.com/henriquerocha2004/sistema-escolar/internal/infra/database/postgres/school_year_repository.go:131.2,135.16 3 0
github.com/henriquerocha2004/sistema-escolar/internal/infra/database/postgres/school_year_repository.go:135.16,137.3 1 0
github.com/henriquerocha2004/sistema-escolar/internal/infra/database/postgres/school_year_repository.go:138.2,142.18 3 0
github.com/henriquerocha2004/sistema-escolar/internal/infra/database/postgres/school_year_repository.go:142.18,145.17 3 0
github.com/henriquerocha2004/sistema-escolar/internal/infra/database/postgres/school_year_repository.go:145.17,147.4 1 0
github.com/henriquerocha2004/sistema-escolar/internal/infra/database/postgres/school_year_repository.go:149.3,149.48 1 0
github.com/henriquerocha2004/sistema-escolar/internal/infra/database/postgres/school_year_repository.go:152.2,155.24 4 0
github.com/henriquerocha2004/sistema-escolar/internal/infra/database/postgres/school_year_repository.go:155.24,157.3 1 0
github.com/henriquerocha2004/sistema-escolar/internal/infra/database/postgres/school_year_repository.go:159.2,160.16 2 0
github.com/henriquerocha2004/sistema-escolar/internal/infra/database/postgres/school_year_repository.go:160.16,162.3 1 0
github.com/henriquerocha2004/sistema-escolar/internal/infra/database/postgres/school_year_repository.go:164.2,170.16 3 0
github.com/henriquerocha2004/sistema-escolar/internal/infra/database/postgres/school_year_repository.go:170.16,172.3 1 0
github.com/henriquerocha2004/sistema-escolar/internal/infra/database/postgres/school_year_repository.go:174.2,174.18 1 0
github.com/henriquerocha2004/sistema-escolar/internal/infra/database/postgres/school_year_repository.go:174.18,176.17 2 0
github.com/henriquerocha2004/sistema-escolar/internal/infra/database/postgres/school_year_repository.go:176.17,178.4 1 0
github.com/henriquerocha2004/sistema-escolar/internal/infra/database/postgres/school_year_repository.go:181.2,186.31 2 0
github.com/henriquerocha2004/sistema-escolar/internal/infra/database/postgres/service_repository.go:18.58,23.2 1 1
github.com/henriquerocha2004/sistema-escolar/internal/infra/database/postgres/service_repository.go:25.68,40.2 2 1
github.com/henriquerocha2004/sistema-escolar/internal/infra/database/postgres/service_repository.go:42.53,55.2 3 1
github.com/henriquerocha2004/sistema-escolar/internal/infra/database/postgres/service_repository.go:57.68,69.2 2 1
github.com/henriquerocha2004/sistema-escolar/internal/infra/database/postgres/service_repository.go:71.76,76.16 3 1
github.com/henriquerocha2004/sistema-escolar/internal/infra/database/postgres/service_repository.go:76.16,78.3 1 1
github.com/henriquerocha2004/sistema-escolar/internal/infra/database/postgres/service_repository.go:80.2,85.22 2 1
github.com/henriquerocha2004/sistema-escolar/internal/infra/database/postgres/service_repository.go:88.107,95.19 5 0
github.com/henriquerocha2004/sistema-escolar/internal/infra/database/postgres/service_repository.go:95.19,97.3 1 0
github.com/henriquerocha2004/sistema-escolar/internal/infra/database/postgres/service_repository.go:99.2,100.16 2 0
github.com/henriquerocha2004/sistema-escolar/internal/infra/database/postgres/service_repository.go:100.16,102.3 1 0
github.com/henriquerocha2004/sistema-escolar/internal/infra/database/postgres/service_repository.go:104.2,108.16 3 0
github.com/henriquerocha2004/sistema-escolar/internal/infra/database/postgres/service_repository.go:108.16,110.3 1 0
github.com/henriquerocha2004/sistema-escolar/internal/infra/database/postgres/service_repository.go:111.2,115.18 3 0
github.com/henriquerocha2004/sistema-escolar/internal/infra/database/postgres/service_repository.go:115.18,118.17 3 0
github.com/henriquerocha2004/sistema-escolar/internal/infra/database/postgres/service_repository.go:118.17,120.4 1 0
github.com/henriquerocha2004/sistema-escolar/internal/infra/database/postgres/service_repository.go:122.3,122.39 1 0
github.com/henriquerocha2004/sistema-escolar/internal/infra/database/postgres/service_repository.go:125.2,128.24 4 0
github.com/henriquerocha2004/sistema-escolar/internal/infra/database/postgres/service_repository.go:128.24,130.3 1 0
github.com/henriquerocha2004/sistema-escolar/internal/infra/database/postgres/service_repository.go:132.2,133.16 2 0
github.com/henriquerocha2004/sistema-escolar/internal/infra/database/postgres/service_repository.go:133.16,135.3 1 0
github.com/henriquerocha2004/sistema-escolar/internal/infra/database/postgres/service_repository.go:137.2,143.16 3 0
github.com/henriquerocha2004/sistema-escolar/internal/infra/database/postgres/service_repository.go:143.16,145.3 1 0
github.com/henriquerocha2004/sistema-escolar/internal/infra/database/postgres/service_repository.go:147.2,147.18 1 0
github.com/henriquerocha2004/sistema-escolar/internal/infra/database/postgres/service_repository.go:147.18,149.17 2 0
github.com/henriquerocha2004/sistema-escolar/internal/infra/database/postgres/service_repository.go:149.17,151.4 1 0
github.com/henriquerocha2004/sistema-escolar/internal/infra/database/postgres/service_repository.go:154.2,159.31 2 0
github.com/henriquerocha2004/sistema-escolar/internal/infra/database/postgres/services.sql.go:26.85,34.2 2 1
github.com/henriquerocha2004/sistema-escolar/internal/infra/database/postgres/services.sql.go:45.85,48.2 2 1
github.com/henriquerocha2004/sistema-escolar/internal/infra/database/postgres/services.sql.go:59.98,64.2 4 1
github.com/henriquerocha2004/sistema-escolar/internal/infra/database/postgres/services.sql.go:76.85,79.2 2 1
